<?xml version="1.0" encoding="UTF-8"?>
<!-- Generated by org.testng.reporters.JUnitReportReporter -->
<testsuite hostname="stummulw.remote.csb" failures="0" tests="1" name="demoProg.FirstDemo" time="2.439" errors="0" timestamp="2020-11-23T11:26:40 IST" skipped="0">
  <testcase classname="demoProg.FirstDemo" name="openbrowser" time="2.439"/>
  <system-out/>
</testsuite> <!-- demoProg.FirstDemo -->
